<?xml version="1.0" encoding="UTF-8"?>
<testsuite xmlns:xsi="http://www.w3.org/2001/XMLSchema-instance" xsi:noNamespaceSchemaLocation="https://maven.apache.org/surefire/maven-surefire-plugin/xsd/surefire-test-report-3.0.xsd" version="3.0" name="com.nova.sale.JavaPlatformApplicationTests" time="6.155" tests="1" errors="0" skipped="0" failures="0">
  <properties>
[...]
</properties>
  <testcase name="contextLoads" classname="com.nova.sale.JavaPlatformApplicationTests" time="0.959">
    <system-out><![CDATA[18:43:18.859 [main] INFO org.springframework.test.context.support.AnnotationConfigContextLoaderUtils -- Could not detect default configuration classes for test class [com.nova.sale.JavaPlatformApplicationTests]: JavaPlatformApplicationTests does not declare any static, non-private, non-final, nested classes annotated with @Configuration.
18:43:19.046 [main] INFO org.springframework.boot.test.context.SpringBootTestContextBootstrapper -- Found @SpringBootConfiguration com.nova.sale.JavaPlatformApplication for test class com.nova.sale.JavaPlatformApplicationTests

  .   ____          _            __ _ _
 /\\ / ___'_ __ _ _(_)_ __  __ _ \ \ \ \
( ( )\___ | '_ | '_| | '_ \/ _` | \ \ \ \
 \\/  ___)| |_)| | | | | || (_| |  ) ) ) )
  '  |____| .__|_| |_|_| |_\__, | / / / /
 =========|_|==============|___/=/_/_/_/

 :: Spring Boot ::                (v3.3.5)

2026-08-23T18:43:19.646+08:00  INFO 55213 --- [           main] c.n.sale.JavaPlatformApplicationTests    : Starting JavaPlatformApplicationTests using Java 21.0.10 with PID 55213 (started by xiaenping in /Users/xiaenping/Claude code/DocAssistant-Skeleton/business-mock)
2026-08-23T18:43:19.648+08:00  INFO 55213 --- [           main] c.n.sale.JavaPlatformApplicationTests    : The following 1 profile is active: "test"
2026-08-23T18:43:21.712+08:00  INFO 55213 --- [           main] com.zaxxer.hikari.HikariDataSource       : HikariPool-1 - Starting...
2026-08-23T18:43:21.996+08:00  INFO 55213 --- [           main] com.zaxxer.hikari.pool.HikariPool        : HikariPool-1 - Added connection conn0: url=jdbc:h2:mem:sale_test user=SA
2026-08-23T18:43:21.998+08:00  INFO 55213 --- [           main] com.zaxxer.hikari.HikariDataSource       : HikariPool-1 - Start completed.
2026-08-23T18:43:22.057+08:00  INFO 55213 --- [           main] org.flywaydb.core.FlywayExecutor         : Database: jdbc:h2:mem:sale_test (H2 2.2)
2026-08-23T18:43:22.071+08:00  WARN 55213 --- [           main] o.f.c.internal.database.base.Database    : Flyway upgrade recommended: H2 2.2.224 is newer than this version of Flyway and support has not been tested. The latest supported version of H2 is 2.2.220.
2026-08-23T18:43:22.096+08:00  INFO 55213 --- [           main] o.f.c.i.s.JdbcTableSchemaHistory         : Schema history table "public"."flyway_schema_history" does not exist yet
2026-08-23T18:43:22.100+08:00  INFO 55213 --- [           main] o.f.core.internal.command.DbValidate     : Successfully validated 1 migration (execution time 00:00.015s)
2026-08-23T18:43:22.108+08:00  INFO 55213 --- [           main] o.f.c.i.s.JdbcTableSchemaHistory         : Creating Schema History table "public"."flyway_schema_history" ...
2026-08-23T18:43:22.142+08:00  INFO 55213 --- [           main] o.f.core.internal.command.DbMigrate      : Current version of schema "public": << Empty Schema >>
2026-08-23T18:43:22.157+08:00  INFO 55213 --- [           main] o.f.core.internal.command.DbMigrate      : Migrating schema "public" to version "1 - init schema"
2026-08-23T18:43:22.193+08:00  INFO 55213 --- [           main] o.f.core.internal.command.DbMigrate      : Successfully applied 1 migration to schema "public", now at version v1 (execution time 00:00.021s)
2026-08-23T18:43:22.552+08:00  WARN 55213 --- [           main] .s.s.UserDetailsServiceAutoConfiguration : 

Using generated security password: 95d716dc-aac6-4cc0-927e-4f3a19c46d2c

This generated password is for development use only. Your security configuration must be updated before running your application in production.

2026-08-23T18:43:22.560+08:00  INFO 55213 --- [           main] r$InitializeUserDetailsManagerConfigurer : Global AuthenticationManager configured with UserDetailsService bean with name inMemoryUserDetailsManager
2026-08-23T18:43:22.969+08:00  INFO 55213 --- [           main] o.s.b.a.e.web.EndpointLinksResolver      : Exposing 2 endpoints beneath base path '/actuator'
2026-08-23T18:43:23.668+08:00  INFO 55213 --- [           main] c.n.sale.JavaPlatformApplicationTests    : Started JavaPlatformApplicationTests in 4.416 seconds (process running for 5.682)
]]></system-out>
    <system-err><![CDATA[WARNING: A Java agent has been loaded dynamically (/usr/local/apache-maven-3.9.8/repo/net/bytebuddy/byte-buddy-agent/1.14.19/byte-buddy-agent-1.14.19.jar)
WARNING: If a serviceability tool is in use, please run with -XX:+EnableDynamicAgentLoading to hide this warning
WARNING: If a serviceability tool is not in use, please run with -Djdk.instrument.traceUsage for more information
WARNING: Dynamic loading of agents will be disallowed by default in a future release
]]></system-err>
  </testcase>
</testsuite>